<?xml version="1.0" encoding="UTF-8"?>
<!-- Generated by org.testng.reporters.JUnitReportReporter -->
<testsuite hostname="Diya" failures="0" tests="1" name="testScript.HomeTest" time="10.653" errors="0" timestamp="2025-02-07T01:08:44 EST" skipped="0">
  <testcase classname="testScript.HomeTest" name="accessOfDashboardMenuOnHomePage" time="10.653"/>
  <system-out/>
</testsuite> <!-- testScript.HomeTest -->
