<?xml version="1.0" encoding="UTF-8"?>
<!-- Generated by org.testng.reporters.JUnitReportReporter -->
<testsuite hostname="Diya" failures="0" tests="1" name="testScript.LoginTest7rmart" time="7.152" errors="0" timestamp="2025-02-06T09:27:36 EST" skipped="0">
  <testcase classname="testScript.LoginTest7rmart" name="userLoginWithInvalidUsernameAndInvalidPassword" time="7.152"/>
  <system-out/>
</testsuite> <!-- testScript.LoginTest7rmart -->
