<?xml version="1.0" encoding="UTF-8"?>
<!-- Generated by org.testng.reporters.JUnitReportReporter -->
<testsuite hostname="Diya" failures="0" tests="1" name="testScript.CategoryTest" time="16.799" errors="0" timestamp="2025-02-07T01:15:29 EST" skipped="0">
  <testcase classname="testScript.CategoryTest" name="addNewCategoryOnListCategories" time="16.799"/>
  <system-out/>
</testsuite> <!-- testScript.CategoryTest -->
