<?xml version="1.0" encoding="UTF-8"?>
<!-- Generated by org.testng.reporters.JUnitReportReporter -->
<testsuite hostname="Diya" failures="0" tests="1" name="testScript.SubCategoryTest" time="12.919" errors="0" timestamp="2025-02-06T23:20:37 EST" skipped="0">
  <testcase classname="testScript.SubCategoryTest" name="addNewSubCategoryItem" time="12.919"/>
  <system-out/>
</testsuite> <!-- testScript.SubCategoryTest -->
