<?xml version="1.0" encoding="UTF-8"?>
<!-- Generated by org.testng.reporters.JUnitReportReporter -->
<testsuite hostname="Diya" failures="0" tests="1" name="testScript.TestNgAnnotations" time="0.009" errors="0" timestamp="2025-01-20T09:52:47 EST" skipped="0">
  <testcase classname="testScript.TestNgAnnotations" name="testCase1" time="0.009"/>
</testsuite> <!-- testScript.TestNgAnnotations -->
